0 info it worked if it ends with ok
1 verbose cli [ '/home/pulsar/.nvm/versions/io.js/v3.3.1/bin/iojs',
1 verbose cli   '/home/pulsar/.nvm/versions/io.js/v3.3.1/bin/npm',
1 verbose cli   'install' ]
2 info using npm@2.14.3
3 info using node@v3.3.1
4 verbose readDependencies loading dependencies from /home/pulsar/Desktop/sourcecode/Nodejs/LogicCalculator/package.json
5 error install Couldn't read dependencies
6 verbose stack Error: ENOENT: no such file or directory, open '/home/pulsar/Desktop/sourcecode/Nodejs/LogicCalculator/package.json'
6 verbose stack     at Error (native)
7 verbose cwd /home/pulsar/Desktop/sourcecode/Nodejs/LogicCalculator
8 error Linux 5.8.0-48-generic
9 error argv "/home/pulsar/.nvm/versions/io.js/v3.3.1/bin/iojs" "/home/pulsar/.nvm/versions/io.js/v3.3.1/bin/npm" "install"
10 error node v3.3.1
11 error npm  v2.14.3
12 error path /home/pulsar/Desktop/sourcecode/Nodejs/LogicCalculator/package.json
13 error code ENOPACKAGEJSON
14 error errno -2
15 error syscall open
16 error package.json ENOENT: no such file or directory, open '/home/pulsar/Desktop/sourcecode/Nodejs/LogicCalculator/package.json'
16 error package.json This is most likely not a problem with npm itself.
16 error package.json npm can't find a package.json file in your current directory.
17 verbose exit [ -2, true ]
